<?xml version="1.0" encoding="UTF-8"?>
<!-- Generated by org.testng.reporters.JUnitXMLReporter -->
<testsuite ignored="0" hostname="DESKTOP-300BKIO" failures="1" tests="2" name="Failed Test" time="29557.096" errors="0" timestamp="2024-03-07T23:49:03 IST">
  <testcase classname="memberRegressionTest.memberApplyLoanTest" name="LoanPendingTest" time="26.06"/>
  <testcase classname="memberRegressionTest.memberApplyLoanTest" name="memberLoanTest" time="10510.65">
    <failure type="com.microsoft.playwright.PlaywrightException" message="Error {
  message=&amp;apos;Target page, context or browser has been closed
  name=&amp;apos;TargetClosedError
  stack=&amp;apos;TargetClosedError:Target page, context or browser has been closed
Error
    at captureRawStack (C:\Users\hp\AppData\Local\Temp\playwright-java-2891612237817834376\package\lib\utils\stackTrace.js:50:17)
    at LongStandingScope._race (C:\Users\hp\AppData\Local\Temp\playwright-java-2891612237817834376\package\lib\utils\manualPromise.js:91:52)
    at LongStandingScope.race (C:\Users\hp\AppData\Local\Temp\playwright-java-2891612237817834376\package\lib\utils\manualPromise.js:84:17)
    at FrameDispatcher._handleCommand (C:\Users\hp\AppData\Local\Temp\playwright-java-2891612237817834376\package\lib\server\dispatchers\dispatcher.js:86:36)
    at DispatcherConnection.dispatch (C:\Users\hp\AppData\Local\Temp\playwright-java-2891612237817834376\package\lib\server\dispatchers\dispatcher.js:351:39)
}
Call log:
- waiting for locator(&amp;quot;//input[@type=&amp;apos;file&amp;apos;]&amp;quot;)
-   locator resolved to &amp;lt;input type=&amp;quot;file&amp;quot; class=&amp;quot;d-none&amp;quot; ng2fileselect=&amp;quot;&amp;quot;/&amp;gt;
">
      <![CDATA[com.microsoft.playwright.PlaywrightException: Error {
  message='Target page, context or browser has been closed
  name='TargetClosedError
  stack='TargetClosedError:Target page, context or browser has been closed
Error
    at captureRawStack (C:\Users\hp\AppData\Local\Temp\playwright-java-2891612237817834376\package\lib\utils\stackTrace.js:50:17)
    at LongStandingScope._race (C:\Users\hp\AppData\Local\Temp\playwright-java-2891612237817834376\package\lib\utils\manualPromise.js:91:52)
    at LongStandingScope.race (C:\Users\hp\AppData\Local\Temp\playwright-java-2891612237817834376\package\lib\utils\manualPromise.js:84:17)
    at FrameDispatcher._handleCommand (C:\Users\hp\AppData\Local\Temp\playwright-java-2891612237817834376\package\lib\server\dispatchers\dispatcher.js:86:36)
    at DispatcherConnection.dispatch (C:\Users\hp\AppData\Local\Temp\playwright-java-2891612237817834376\package\lib\server\dispatchers\dispatcher.js:351:39)
}
Call log:
- waiting for locator("//input[@type='file']")
-   locator resolved to <input type="file" class="d-none" ng2fileselect=""/>

at com.microsoft.playwright.impl.WaitableResult.get(WaitableResult.java:54)
at com.microsoft.playwright.impl.ChannelOwner.runUntil(ChannelOwner.java:120)
at com.microsoft.playwright.impl.Connection.sendMessage(Connection.java:129)
at com.microsoft.playwright.impl.ChannelOwner.sendMessage(ChannelOwner.java:106)
at com.microsoft.playwright.impl.FrameImpl.setInputFilesImpl(FrameImpl.java:770)
at com.microsoft.playwright.impl.PageImpl.lambda$setInputFiles$74(PageImpl.java:1171)
at com.microsoft.playwright.impl.LoggingSupport.lambda$withLogging$0(LoggingSupport.java:36)
at com.microsoft.playwright.impl.LoggingSupport.withLogging(LoggingSupport.java:47)
at com.microsoft.playwright.impl.ChannelOwner.withLogging(ChannelOwner.java:89)
at com.microsoft.playwright.impl.LoggingSupport.withLogging(LoggingSupport.java:35)
at com.microsoft.playwright.impl.PageImpl.setInputFiles(PageImpl.java:1170)
at com.microsoft.playwright.impl.PageImpl.setInputFiles(PageImpl.java:1165)
at com.microsoft.playwright.Page.setInputFiles(Page.java:6772)
at memberRegressionPages.ApplyforLoan.applyforLoan(ApplyforLoan.java:225)
at memberRegressionTest.memberApplyLoanTest.memberLoanTest(memberApplyLoanTest.java:31)
at java.base/java.util.ArrayList.forEach(ArrayList.java:1511)
at baseTestMethod.BaseTest.retryFailedTestClass(BaseTest.java:194)
at baseTestMethod.BaseTest.tearDown(BaseTest.java:155)
at java.base/java.util.concurrent.FutureTask.run(FutureTask.java:264)
at java.base/java.util.concurrent.ThreadPoolExecutor.runWorker(ThreadPoolExecutor.java:1136)
at java.base/java.util.concurrent.ThreadPoolExecutor$Worker.run(ThreadPoolExecutor.java:635)
at java.base/java.lang.Thread.run(Thread.java:840)
Caused by: com.microsoft.playwright.impl.TargetClosedError: Error {
  message='Target page, context or browser has been closed
  name='TargetClosedError
  stack='TargetClosedError:Target page, context or browser has been closed
Error
    at captureRawStack (C:\Users\hp\AppData\Local\Temp\playwright-java-2891612237817834376\package\lib\utils\stackTrace.js:50:17)
    at LongStandingScope._race (C:\Users\hp\AppData\Local\Temp\playwright-java-2891612237817834376\package\lib\utils\manualPromise.js:91:52)
    at LongStandingScope.race (C:\Users\hp\AppData\Local\Temp\playwright-java-2891612237817834376\package\lib\utils\manualPromise.js:84:17)
    at FrameDispatcher._handleCommand (C:\Users\hp\AppData\Local\Temp\playwright-java-2891612237817834376\package\lib\server\dispatchers\dispatcher.js:86:36)
    at DispatcherConnection.dispatch (C:\Users\hp\AppData\Local\Temp\playwright-java-2891612237817834376\package\lib\server\dispatchers\dispatcher.js:351:39)
}
Call log:
- waiting for locator("//input[@type='file']")
-   locator resolved to <input type="file" class="d-none" ng2fileselect=""/>

at com.microsoft.playwright.impl.Connection.dispatch(Connection.java:254)
at com.microsoft.playwright.impl.Connection.processOneMessage(Connection.java:209)
at com.microsoft.playwright.impl.ChannelOwner.runUntil(ChannelOwner.java:118)
... 58 more
... Removed 38 stack frames]]>
    </failure>
  </testcase> <!-- memberLoanTest -->
</testsuite> <!-- Failed Test -->
